<?xml version="1.0" encoding="UTF-8"?>
<!-- Generated by org.testng.reporters.JUnitXMLReporter -->
<testsuite hostname="LAPTOP-L8MTL934" ignored="0" name="Default test" tests="29" failures="0" timestamp="09 Mär 2019 19:37:50 GMT" time="1.155" errors="0">
  <testcase name="bauzeit_imkerei_ist_drei_Stunden_50_minuten" time="0.009" classname="redCat.Churchill.Stadt.ImkereiTest"/>
  <testcase name="imkerei_benoetigt_strasse" time="0.002" classname="redCat.Churchill.Stadt.ImkereiTest"/>
  <testcase name="imkerei_benötigt_340_personen" time="0.001" classname="redCat.Churchill.Stadt.ImkereiTest"/>
  <testcase name="imkerei_ist_3_breit" time="0.002" classname="redCat.Churchill.Stadt.ImkereiTest"/>
  <testcase name="imkerei_ist_3_lang" time="0.002" classname="redCat.Churchill.Stadt.ImkereiTest"/>
  <testcase name="imkerei_ist_normales_gebaeude" time="0.001" classname="redCat.Churchill.Stadt.ImkereiTest"/>
  <testcase name="imkerei_kostest_10300_werkzeug" time="0.01" classname="redCat.Churchill.Stadt.ImkereiTest"/>
  <testcase name="imkerei_kostet_6000_muenzen" time="0.002" classname="redCat.Churchill.Stadt.ImkereiTest"/>
  <testcase name="imkerei_kostet_in_1_tag_1600_muenzen" time="0.002" classname="redCat.Churchill.Stadt.ImkereiTest"/>
  <testcase name="imkerei_kostet_in_1_tag_1600_wz" time="0.003" classname="redCat.Churchill.Stadt.ImkereiTest"/>
  <testcase name="imkerei_kostet_in_2_tagen_2400_muenzen" time="0.003" classname="redCat.Churchill.Stadt.ImkereiTest"/>
  <testcase name="imkerei_kostet_in_2_tagen_2400_wz" time="0.002" classname="redCat.Churchill.Stadt.ImkereiTest"/>
  <testcase name="imkerei_kostet_in_4_stunden_400_muenzen" time="0.004" classname="redCat.Churchill.Stadt.ImkereiTest"/>
  <testcase name="imkerei_kostet_in_4_stunden_400_wz" time="0.002" classname="redCat.Churchill.Stadt.ImkereiTest"/>
  <testcase name="imkerei_kostet_in_8_stunden_800_muenzen" time="0.002" classname="redCat.Churchill.Stadt.ImkereiTest"/>
  <testcase name="imkerei_kostet_in_8_stunden_800_wz" time="0.037" classname="redCat.Churchill.Stadt.ImkereiTest"/>
  <testcase name="imkerei_kostet_keine_daimanten" time="0.002" classname="redCat.Churchill.Stadt.ImkereiTest"/>
  <testcase name="imkerei_material_ist_honigwabe" time="0.002" classname="redCat.Churchill.Stadt.ImkereiTest"/>
  <testcase name="imkerei_produkt_ist_honig" time="0.001" classname="redCat.Churchill.Stadt.ImkereiTest"/>
  <testcase name="imkerei_produziert_in_1_tag_20_honig" time="0.001" classname="redCat.Churchill.Stadt.ImkereiTest"/>
  <testcase name="imkerei_produziert_in_1_tag_honigkruege" time="0.001" classname="redCat.Churchill.Stadt.ImkereiTest"/>
  <testcase name="imkerei_produziert_in_2_tagen_30_honig" time="0.002" classname="redCat.Churchill.Stadt.ImkereiTest"/>
  <testcase name="imkerei_produziert_in_2_tagen_viele_honigkruege" time="0.002" classname="redCat.Churchill.Stadt.ImkereiTest"/>
  <testcase name="imkerei_produziert_in_4_stunden_5_honig" time="0.007" classname="redCat.Churchill.Stadt.ImkereiTest"/>
  <testcase name="imkerei_produziert_in_4_stunden_honigtoepfe" time="0.004" classname="redCat.Churchill.Stadt.ImkereiTest"/>
  <testcase name="imkerei_produziert_in_8_stunden_10_honig" time="0.001" classname="redCat.Churchill.Stadt.ImkereiTest"/>
  <testcase name="imkerei_produziert_in_8_stunden_viele_honigtoepfe" time="0.001" classname="redCat.Churchill.Stadt.ImkereiTest"/>
  <testcase name="name_muss_imkerei_sein" time="0.001" classname="redCat.Churchill.Stadt.ImkereiTest"/>
  <testcase name="zeitalter_muss_fruehes_mittelalter_sein" time="0.004" classname="redCat.Churchill.Stadt.ImkereiTest"/>
</testsuite> <!-- Default test -->
