<?xml version="1.0" encoding="UTF-8"?>
<!-- Generated by org.testng.reporters.JUnitReportReporter -->
<testsuite skipped="0" hostname="LAPTOP-L8MTL934" name="redCat.Churchill.Stadt.WindmuehlenTest" tests="23" failures="0" timestamp="16 Sep 2018 18:48:47 GMT" time="0.157" errors="0">
  <testcase name="windmuehle_produziert_in_8_stunden_sack_mehl" time="0.000" classname="redCat.Churchill.Stadt.WindmuehlenTest"/>
  <testcase name="windmuehle_kostest_0_werkzeug" time="0.015" classname="redCat.Churchill.Stadt.WindmuehlenTest"/>
  <testcase name="windmuehle_produziert_in_4_stunden_1290_werkzeug" time="0.016" classname="redCat.Churchill.Stadt.WindmuehlenTest"/>
  <testcase name="windmuehle_produziert_in_4_stunden_beutel_mehl" time="0.000" classname="redCat.Churchill.Stadt.WindmuehlenTest"/>
  <testcase name="windmuehle_ist_diamant_gebaeude" time="0.015" classname="redCat.Churchill.Stadt.WindmuehlenTest"/>
  <testcase name="windmuehle_produziert_in_1_tag_3860_werkzeug" time="0.000" classname="redCat.Churchill.Stadt.WindmuehlenTest"/>
  <testcase name="windmuehle_produziert_in_1_stunde_schuessel_mehl" time="0.016" classname="redCat.Churchill.Stadt.WindmuehlenTest"/>
  <testcase name="windmuehle_produziert_in_1_stunde_770_werkzeug" time="0.000" classname="redCat.Churchill.Stadt.WindmuehlenTest"/>
  <testcase name="windmuehle_ist_3_lang" time="0.016" classname="redCat.Churchill.Stadt.WindmuehlenTest"/>
  <testcase name="windmuehle_benoetigt_strasse" time="0.000" classname="redCat.Churchill.Stadt.WindmuehlenTest"/>
  <testcase name="name_muss_windmuehle_sein" time="0.000" classname="redCat.Churchill.Stadt.WindmuehlenTest"/>
  <testcase name="windmuehle_produziert_in_15_minuten_becher_mehl" time="0.031" classname="redCat.Churchill.Stadt.WindmuehlenTest"/>
  <testcase name="windmuehle_produziert_in_5_minuten_130_werkzeug" time="0.000" classname="redCat.Churchill.Stadt.WindmuehlenTest"/>
  <testcase name="windmuehle_produziert_in_1_tag_grosser_sack_mehl" time="0.000" classname="redCat.Churchill.Stadt.WindmuehlenTest"/>
  <testcase name="windmuehle_produziert_in_5_minuten_mehl" time="0.000" classname="redCat.Churchill.Stadt.WindmuehlenTest"/>
  <testcase name="windmuehle_produziert_in_15_minuten_320_werkzeug" time="0.016" classname="redCat.Churchill.Stadt.WindmuehlenTest"/>
  <testcase name="windmuehle_benötigt_148_personen" time="0.000" classname="redCat.Churchill.Stadt.WindmuehlenTest"/>
  <testcase name="windmuehle_ist_4_breit" time="0.000" classname="redCat.Churchill.Stadt.WindmuehlenTest"/>
  <testcase name="windmuehle_kostet_500_daimanten" time="0.000" classname="redCat.Churchill.Stadt.WindmuehlenTest"/>
  <testcase name="bauzeit_windmuehle_ist_20_sekunden" time="0.016" classname="redCat.Churchill.Stadt.WindmuehlenTest"/>
  <testcase name="windmuehle_produziert_in_8_stunden_1930_werkzeug" time="0.000" classname="redCat.Churchill.Stadt.WindmuehlenTest"/>
  <testcase name="zeitalter_muss_hochmittelalter_sein" time="0.000" classname="redCat.Churchill.Stadt.WindmuehlenTest"/>
  <testcase name="windmuehle_kostet_0_muenzen" time="0.016" classname="redCat.Churchill.Stadt.WindmuehlenTest"/>
</testsuite> <!-- redCat.Churchill.Stadt.WindmuehlenTest -->
