<?xml version="1.0" encoding="UTF-8"?>
<!-- Generated by org.testng.reporters.JUnitReportReporter -->
<testsuite skipped="0" hostname="LAPTOP-L8MTL934" name="redCat.Churchill.Stadt.ZiegenzuchtTest" tests="23" failures="0" timestamp="26 Aug 2018 21:35:57 GMT" time="0.172" errors="0">
  <testcase name="ziegenzucht_produziert_in_8_stunden_540_werkzeug" time="0.000" classname="redCat.Churchill.Stadt.ZiegenzuchtTest"/>
  <testcase name="ziegenzucht_ist_normales_gebaeude" time="0.000" classname="redCat.Churchill.Stadt.ZiegenzuchtTest"/>
  <testcase name="ziegenzucht_produziert_in_1_tag_ganzes_kaeserad" time="0.000" classname="redCat.Churchill.Stadt.ZiegenzuchtTest"/>
  <testcase name="ziegenzucht_produziert_in_4_stunden_2_3_kaeserad" time="0.000" classname="redCat.Churchill.Stadt.ZiegenzuchtTest"/>
  <testcase name="ziegenzucht_ist_5_breit" time="0.000" classname="redCat.Churchill.Stadt.ZiegenzuchtTest"/>
  <testcase name="ziegenzucht_produziert_in_1_stunde_220_werkzeug" time="0.015" classname="redCat.Churchill.Stadt.ZiegenzuchtTest"/>
  <testcase name="ziegenzucht_produziert_in_1_stunde_1_2_kaeserad" time="0.000" classname="redCat.Churchill.Stadt.ZiegenzuchtTest"/>
  <testcase name="ziegenzucht_produziert_in_15_minuten_90_werkzeug" time="0.015" classname="redCat.Churchill.Stadt.ZiegenzuchtTest"/>
  <testcase name="ziegenzucht_benötigt_122_personen" time="0.000" classname="redCat.Churchill.Stadt.ZiegenzuchtTest"/>
  <testcase name="zeitalter_muss_eisenzeit_sein" time="0.016" classname="redCat.Churchill.Stadt.ZiegenzuchtTest"/>
  <testcase name="name_muss_ziegenzucht_sein" time="0.016" classname="redCat.Churchill.Stadt.ZiegenzuchtTest"/>
  <testcase name="ziegenzucht_produziert_in_15_minuten_1_3_kaeserad" time="0.031" classname="redCat.Churchill.Stadt.ZiegenzuchtTest"/>
  <testcase name="ziegenzucht_produziert_in_4_stunden_360_werkzeug" time="0.000" classname="redCat.Churchill.Stadt.ZiegenzuchtTest"/>
  <testcase name="ziegenzucht_produziert_in_1_tag_1080_werkzeug" time="0.016" classname="redCat.Churchill.Stadt.ZiegenzuchtTest"/>
  <testcase name="ziegenzucht_produziert_in_5_minuten_1_6_kaeserad" time="0.000" classname="redCat.Churchill.Stadt.ZiegenzuchtTest"/>
  <testcase name="ziegenzucht_kostet_keine_daimanten" time="0.000" classname="redCat.Churchill.Stadt.ZiegenzuchtTest"/>
  <testcase name="ziegenzucht_benoetigt_strasse" time="0.000" classname="redCat.Churchill.Stadt.ZiegenzuchtTest"/>
  <testcase name="ziegenzucht_ist_4_lang" time="0.000" classname="redCat.Churchill.Stadt.ZiegenzuchtTest"/>
  <testcase name="ziegenzucht_kostet_4800_muenzen" time="0.015" classname="redCat.Churchill.Stadt.ZiegenzuchtTest"/>
  <testcase name="bauzeit_ziegenzucht_ist_1_stunde_40_minuten" time="0.016" classname="redCat.Churchill.Stadt.ZiegenzuchtTest"/>
  <testcase name="ziegenzucht_produziert_in_5_minuten_40_werkzeug" time="0.016" classname="redCat.Churchill.Stadt.ZiegenzuchtTest"/>
  <testcase name="ziegenzucht_produziert_in_8_stunden_5_6_kaeserad" time="0.016" classname="redCat.Churchill.Stadt.ZiegenzuchtTest"/>
  <testcase name="ziegenzucht_kostest_680_werkzeug" time="0.000" classname="redCat.Churchill.Stadt.ZiegenzuchtTest"/>
</testsuite> <!-- redCat.Churchill.Stadt.ZiegenzuchtTest -->
