<?xml version="1.0" encoding="UTF-8"?>
<!-- Generated by org.testng.reporters.JUnitReportReporter -->
<testsuite skipped="0" hostname="LAPTOP-L8MTL934" name="redCat.Churchill.Stadt.KalksteinmetzTest" tests="29" failures="0" timestamp="30 Dez 2018 17:53:45 GMT" time="0.516" errors="0">
  <testcase name="kalksteinmetz_produziert_in_8_stunden_einige_kalksteine" time="0.009" classname="redCat.Churchill.Stadt.KalksteinmetzTest"/>
  <testcase name="kalksteinmetz_kostet_in_2_tagen_1200_wz" time="0.023" classname="redCat.Churchill.Stadt.KalksteinmetzTest"/>
  <testcase name="kalksteinmetz_kostet_in_8_stunden_400_wz" time="0.011" classname="redCat.Churchill.Stadt.KalksteinmetzTest"/>
  <testcase name="kalksteinmetz_benoetigt_strasse" time="0.015" classname="redCat.Churchill.Stadt.KalksteinmetzTest"/>
  <testcase name="kalksteinmetz_produziert_in_1_tag_viele_kalksteine" time="0.011" classname="redCat.Churchill.Stadt.KalksteinmetzTest"/>
  <testcase name="kalksteinmetz_produziert_in_1_tag_20_kalkstein" time="0.008" classname="redCat.Churchill.Stadt.KalksteinmetzTest"/>
  <testcase name="kalksteinmetz_produziert_in_8_stunden_10_kalkstein" time="0.012" classname="redCat.Churchill.Stadt.KalksteinmetzTest"/>
  <testcase name="name_muss_kalksteinmetz_sein" time="0.016" classname="redCat.Churchill.Stadt.KalksteinmetzTest"/>
  <testcase name="kalksteinmetz_kostet_in_4_stunden_200_wz" time="0.060" classname="redCat.Churchill.Stadt.KalksteinmetzTest"/>
  <testcase name="kalksteinmetz_kostet_in_4_stunden_200_muenzen" time="0.003" classname="redCat.Churchill.Stadt.KalksteinmetzTest"/>
  <testcase name="kalksteinmetz_produziert_in_2_tagen_30_kalkstein" time="0.118" classname="redCat.Churchill.Stadt.KalksteinmetzTest"/>
  <testcase name="kalksteinmetz_produziert_in_2_tagen_riesiger_kalksteinblock" time="0.010" classname="redCat.Churchill.Stadt.KalksteinmetzTest"/>
  <testcase name="kalksteinmetz_produkt_ist_kalkstein" time="0.005" classname="redCat.Churchill.Stadt.KalksteinmetzTest"/>
  <testcase name="kalksteinmetz_material_ist_kalksteinfels" time="0.026" classname="redCat.Churchill.Stadt.KalksteinmetzTest"/>
  <testcase name="kalksteinmetz_kostet_keine_daimanten" time="0.002" classname="redCat.Churchill.Stadt.KalksteinmetzTest"/>
  <testcase name="kalksteinmetz_kostet_in_1_tag_800_wz" time="0.004" classname="redCat.Churchill.Stadt.KalksteinmetzTest"/>
  <testcase name="kalksteinmetz_kostet_1500_muenzen" time="0.011" classname="redCat.Churchill.Stadt.KalksteinmetzTest"/>
  <testcase name="kalksteinmetz_kostest_2400_werkzeug" time="0.012" classname="redCat.Churchill.Stadt.KalksteinmetzTest"/>
  <testcase name="bauzeit_kalksteinmetz_ist_eine_Stunde_30_minuten" time="0.016" classname="redCat.Churchill.Stadt.KalksteinmetzTest"/>
  <testcase name="kalksteinmetz_produziert_in_4_stunden_5_kalkstein" time="0.056" classname="redCat.Churchill.Stadt.KalksteinmetzTest"/>
  <testcase name="kalksteinmetz_produziert_in_4_stunden_stuecke_von_kalkstein" time="0.010" classname="redCat.Churchill.Stadt.KalksteinmetzTest"/>
  <testcase name="kalksteinmetz_kostet_in_1_tag_800_muenzen" time="0.006" classname="redCat.Churchill.Stadt.KalksteinmetzTest"/>
  <testcase name="kalksteinmetz_kostet_in_2_tagen_1200_muenzen" time="0.009" classname="redCat.Churchill.Stadt.KalksteinmetzTest"/>
  <testcase name="kalksteinmetz_kostet_in_8_stunden_400_muenzen" time="0.008" classname="redCat.Churchill.Stadt.KalksteinmetzTest"/>
  <testcase name="kalksteinmetz_ist_normales_gebaeude" time="0.006" classname="redCat.Churchill.Stadt.KalksteinmetzTest"/>
  <testcase name="zeitalter_muss_eisenzeit_sein" time="0.006" classname="redCat.Churchill.Stadt.KalksteinmetzTest"/>
  <testcase name="kalksteinmetz_ist_4_lang" time="0.026" classname="redCat.Churchill.Stadt.KalksteinmetzTest"/>
  <testcase name="kalksteinmetz_benötigt_230_personen" time="0.004" classname="redCat.Churchill.Stadt.KalksteinmetzTest"/>
  <testcase name="kalksteinmetz_ist_4_breit" time="0.013" classname="redCat.Churchill.Stadt.KalksteinmetzTest"/>
</testsuite> <!-- redCat.Churchill.Stadt.KalksteinmetzTest -->
