<?xml version="1.0" encoding="UTF-8"?>
<!-- Generated by org.testng.reporters.JUnitReportReporter -->
<testsuite skipped="0" hostname="LAPTOP-L8MTL934" name="redCat.Churchill.Stadt.JuwelierTest" tests="29" failures="0" timestamp="16 Feb 2019 20:06:03 GMT" time="1.526" errors="0">
  <testcase name="juwelier_produziert_in_8_stunden_edelsteinring" time="0.011" classname="redCat.Churchill.Stadt.JuwelierTest"/>
  <testcase name="juwelier_kostet_in_2_tagen_1200_wz" time="0.012" classname="redCat.Churchill.Stadt.JuwelierTest"/>
  <testcase name="juwelier_kostet_in_8_stunden_400_wz" time="0.027" classname="redCat.Churchill.Stadt.JuwelierTest"/>
  <testcase name="juwelier_benoetigt_strasse" time="0.014" classname="redCat.Churchill.Stadt.JuwelierTest"/>
  <testcase name="juwelier_produziert_in_1_tag_kelch" time="0.014" classname="redCat.Churchill.Stadt.JuwelierTest"/>
  <testcase name="juwelier_produziert_in_1_tag_20_juwelen" time="0.006" classname="redCat.Churchill.Stadt.JuwelierTest"/>
  <testcase name="juwelier_produziert_in_8_stunden_10_juwelen" time="0.011" classname="redCat.Churchill.Stadt.JuwelierTest"/>
  <testcase name="name_muss_juwelier_sein" time="0.010" classname="redCat.Churchill.Stadt.JuwelierTest"/>
  <testcase name="juwelier_kostet_in_4_stunden_200_wz" time="0.024" classname="redCat.Churchill.Stadt.JuwelierTest"/>
  <testcase name="juwelier_kostet_in_4_stunden_200_muenzen" time="0.025" classname="redCat.Churchill.Stadt.JuwelierTest"/>
  <testcase name="juwelier_produziert_in_2_tagen_30_juwelen" time="0.875" classname="redCat.Churchill.Stadt.JuwelierTest"/>
  <testcase name="juwelier_produziert_in_2_tagen_edler_ring" time="0.070" classname="redCat.Churchill.Stadt.JuwelierTest"/>
  <testcase name="juwelier_produkt_ist_juwelen" time="0.006" classname="redCat.Churchill.Stadt.JuwelierTest"/>
  <testcase name="juwelier_material_ist_edelstein" time="0.069" classname="redCat.Churchill.Stadt.JuwelierTest"/>
  <testcase name="juwelier_kostet_keine_daimanten" time="0.006" classname="redCat.Churchill.Stadt.JuwelierTest"/>
  <testcase name="juwelier_kostet_in_1_tag_800_wz" time="0.009" classname="redCat.Churchill.Stadt.JuwelierTest"/>
  <testcase name="juwelier_kostet_1500_muenzen" time="0.021" classname="redCat.Churchill.Stadt.JuwelierTest"/>
  <testcase name="juwelier_kostest_2400_werkzeug" time="0.006" classname="redCat.Churchill.Stadt.JuwelierTest"/>
  <testcase name="bauzeit_juwelier_ist_eine_Stunde_30_minuten" time="0.019" classname="redCat.Churchill.Stadt.JuwelierTest"/>
  <testcase name="juwelier_produziert_in_4_stunden_5_juwelen" time="0.033" classname="redCat.Churchill.Stadt.JuwelierTest"/>
  <testcase name="juwelier_produziert_in_4_stunden_armreif" time="0.011" classname="redCat.Churchill.Stadt.JuwelierTest"/>
  <testcase name="juwelier_kostet_in_1_tag_800_muenzen" time="0.019" classname="redCat.Churchill.Stadt.JuwelierTest"/>
  <testcase name="juwelier_kostet_in_2_tagen_1200_muenzen" time="0.011" classname="redCat.Churchill.Stadt.JuwelierTest"/>
  <testcase name="juwelier_kostet_in_8_stunden_400_muenzen" time="0.023" classname="redCat.Churchill.Stadt.JuwelierTest"/>
  <testcase name="juwelier_ist_normales_gebaeude" time="0.039" classname="redCat.Churchill.Stadt.JuwelierTest"/>
  <testcase name="zeitalter_muss_eisenzeit_sein" time="0.018" classname="redCat.Churchill.Stadt.JuwelierTest"/>
  <testcase name="juwelier_ist_4_breit" time="0.011" classname="redCat.Churchill.Stadt.JuwelierTest"/>
  <testcase name="juwelier_benötigt_230_personen" time="0.100" classname="redCat.Churchill.Stadt.JuwelierTest"/>
  <testcase name="juwelier_ist_3_lang" time="0.026" classname="redCat.Churchill.Stadt.JuwelierTest"/>
</testsuite> <!-- redCat.Churchill.Stadt.JuwelierTest -->
