<?xml version="1.0" encoding="UTF-8"?>
<!-- Generated by org.testng.reporters.JUnitReportReporter -->
<testsuite skipped="0" hostname="LAPTOP-L8MTL934" name="redCat.Churchill.Stadt.SaegemuehlenTest" tests="29" failures="0" timestamp="03 Nov 2018 18:32:27 GMT" time="0.222" errors="0">
  <testcase name="saegemuehle_produziert_in_8_stunden_10_holz" time="0.004" classname="redCat.Churchill.Stadt.SaegemuehlenTest"/>
  <testcase name="saegemuehle_kostet_in_2_tagen_600_muenzen" time="0.004" classname="redCat.Churchill.Stadt.SaegemuehlenTest"/>
  <testcase name="saegemuehle_kostet_in_8_stunden_200_muenzen" time="0.007" classname="redCat.Churchill.Stadt.SaegemuehlenTest"/>
  <testcase name="name_muss_saegemuehle_sein" time="0.006" classname="redCat.Churchill.Stadt.SaegemuehlenTest"/>
  <testcase name="saegemuehle_produziert_in_1_tag_20_holz" time="0.012" classname="redCat.Churchill.Stadt.SaegemuehlenTest"/>
  <testcase name="saegemuehle_produkt_ist_holz" time="0.006" classname="redCat.Churchill.Stadt.SaegemuehlenTest"/>
  <testcase name="saegemuehle_produziert_in_4_stunden_holzstuecke" time="0.005" classname="redCat.Churchill.Stadt.SaegemuehlenTest"/>
  <testcase name="saegemuehle_produziert_in_8_stunden_etwas_holz" time="0.009" classname="redCat.Churchill.Stadt.SaegemuehlenTest"/>
  <testcase name="saegemuehle_kostet_in_4_stunden_100_muenzen" time="0.009" classname="redCat.Churchill.Stadt.SaegemuehlenTest"/>
  <testcase name="saegemuehle_kostet_in_2_tagen_600_wz" time="0.005" classname="redCat.Churchill.Stadt.SaegemuehlenTest"/>
  <testcase name="saegemuehle_produziert_in_1_tag_viel_holz" time="0.043" classname="redCat.Churchill.Stadt.SaegemuehlenTest"/>
  <testcase name="saegemuehle_produziert_in_2_tagen_30_holz" time="0.003" classname="redCat.Churchill.Stadt.SaegemuehlenTest"/>
  <testcase name="saegemuehle_material_ist_baum" time="0.006" classname="redCat.Churchill.Stadt.SaegemuehlenTest"/>
  <testcase name="saegemuehle_kostet_keine_daimanten" time="0.001" classname="redCat.Churchill.Stadt.SaegemuehlenTest"/>
  <testcase name="saegemuehle_kostet_in_8_stunden_200_wz" time="0.013" classname="redCat.Churchill.Stadt.SaegemuehlenTest"/>
  <testcase name="saegemuehle_kostet_in_1_tag_400_muenzen" time="0.001" classname="redCat.Churchill.Stadt.SaegemuehlenTest"/>
  <testcase name="saegemuehle_kostest_465_werkzeug" time="0.005" classname="redCat.Churchill.Stadt.SaegemuehlenTest"/>
  <testcase name="saegemuehle_ist_normales_gebaeude" time="0.007" classname="redCat.Churchill.Stadt.SaegemuehlenTest"/>
  <testcase name="bauzeit_saegemuehle_ist_30_minuten" time="0.014" classname="redCat.Churchill.Stadt.SaegemuehlenTest"/>
  <testcase name="saegemuehle_produziert_in_2_tagen_eine_menge_holz" time="0.010" classname="redCat.Churchill.Stadt.SaegemuehlenTest"/>
  <testcase name="saegemuehle_produziert_in_4_stunden_5_holz" time="0.006" classname="redCat.Churchill.Stadt.SaegemuehlenTest"/>
  <testcase name="saegemuehle_kostet_232_muenzen" time="0.006" classname="redCat.Churchill.Stadt.SaegemuehlenTest"/>
  <testcase name="saegemuehle_kostet_in_1_tag_400_wz" time="0.001" classname="redCat.Churchill.Stadt.SaegemuehlenTest"/>
  <testcase name="saegemuehle_kostet_in_4_stunden_100_wz" time="0.006" classname="redCat.Churchill.Stadt.SaegemuehlenTest"/>
  <testcase name="saegemuehle_ist_3_lang" time="0.005" classname="redCat.Churchill.Stadt.SaegemuehlenTest"/>
  <testcase name="zeitalter_muss_bronzezeit_sein" time="0.016" classname="redCat.Churchill.Stadt.SaegemuehlenTest"/>
  <testcase name="saegemuehle_ist_3_breit" time="0.005" classname="redCat.Churchill.Stadt.SaegemuehlenTest"/>
  <testcase name="saegemuehle_benoetigt_strasse" time="0.005" classname="redCat.Churchill.Stadt.SaegemuehlenTest"/>
  <testcase name="saegemuehle_benötigt_108_personen" time="0.002" classname="redCat.Churchill.Stadt.SaegemuehlenTest"/>
</testsuite> <!-- redCat.Churchill.Stadt.SaegemuehlenTest -->
