<?xml version="1.0" encoding="UTF-8"?>
<!-- Generated by org.testng.reporters.JUnitReportReporter -->
<testsuite skipped="0" hostname="LAPTOP-L8MTL934" name="redCat.Churchill.Stadt.GerbereiTest" tests="23" failures="0" timestamp="29 Aug 2018 19:49:17 GMT" time="0.312" errors="0">
  <testcase name="name_muss_gerberei_sein" time="0.021" classname="redCat.Churchill.Stadt.GerbereiTest"/>
  <testcase name="gerberei_kostet_7020_muenzen" time="0.008" classname="redCat.Churchill.Stadt.GerbereiTest"/>
  <testcase name="gerberei_produziert_in_4_stunden_hasenfell" time="0.008" classname="redCat.Churchill.Stadt.GerbereiTest"/>
  <testcase name="gerberei_produziert_in_5_minuten_30_werkzeug" time="0.007" classname="redCat.Churchill.Stadt.GerbereiTest"/>
  <testcase name="gerberei_kostest_1620_werkzeug" time="0.013" classname="redCat.Churchill.Stadt.GerbereiTest"/>
  <testcase name="gerberei_produziert_in_1_tag_baerenhaut" time="0.008" classname="redCat.Churchill.Stadt.GerbereiTest"/>
  <testcase name="gerberei_produziert_in_1_tag_810_werkzeug" time="0.012" classname="redCat.Churchill.Stadt.GerbereiTest"/>
  <testcase name="gerberei_produziert_in_1_stunde_wildfell" time="0.008" classname="redCat.Churchill.Stadt.GerbereiTest"/>
  <testcase name="gerberei_ist_3_lang" time="0.019" classname="redCat.Churchill.Stadt.GerbereiTest"/>
  <testcase name="gerberei_benötigt_54_personen" time="0.012" classname="redCat.Churchill.Stadt.GerbereiTest"/>
  <testcase name="gerberei_benoetigt_strasse" time="0.009" classname="redCat.Churchill.Stadt.GerbereiTest"/>
  <testcase name="gerberei_produziert_in_1_stunde_160_werkzeug" time="0.074" classname="redCat.Churchill.Stadt.GerbereiTest"/>
  <testcase name="gerberei_produziert_in_5_minuten_Ziegenfell" time="0.013" classname="redCat.Churchill.Stadt.GerbereiTest"/>
  <testcase name="gerberei_produziert_in_4_stunden_270_werkzeug" time="0.004" classname="redCat.Churchill.Stadt.GerbereiTest"/>
  <testcase name="gerberei_produziert_in_8_stunden_410_werkzeug" time="0.008" classname="redCat.Churchill.Stadt.GerbereiTest"/>
  <testcase name="gerberei_produziert_in_15_minuten_Schweinehaut" time="0.011" classname="redCat.Churchill.Stadt.GerbereiTest"/>
  <testcase name="gerberei_ist_3_breit" time="0.012" classname="redCat.Churchill.Stadt.GerbereiTest"/>
  <testcase name="gerberei_ist_normales_gebaeude" time="0.014" classname="redCat.Churchill.Stadt.GerbereiTest"/>
  <testcase name="gerberei_produziert_in_15_minuten_70_werkzeug" time="0.010" classname="redCat.Churchill.Stadt.GerbereiTest"/>
  <testcase name="bauzeit_gerberei_ist_3_stunden" time="0.016" classname="redCat.Churchill.Stadt.GerbereiTest"/>
  <testcase name="gerberei_produziert_in_8_stunden_waschbaerpelz" time="0.005" classname="redCat.Churchill.Stadt.GerbereiTest"/>
  <testcase name="zeitalter_muss_fruehes_mittelalter_sein" time="0.014" classname="redCat.Churchill.Stadt.GerbereiTest"/>
  <testcase name="gerberei_kostet_keine_daimanten" time="0.006" classname="redCat.Churchill.Stadt.GerbereiTest"/>
</testsuite> <!-- redCat.Churchill.Stadt.GerbereiTest -->
