<?xml version="1.0" encoding="UTF-8"?>
<!-- Generated by org.testng.reporters.JUnitReportReporter -->
<testsuite skipped="0" hostname="LAPTOP-L8MTL934" name="redCat.Churchill.Stadt.WebereiTest" tests="29" failures="0" timestamp="27 Dez 2018 18:25:34 GMT" time="0.459" errors="0">
  <testcase name="weberei_produziert_in_8_stunden_10_stoff" time="0.005" classname="redCat.Churchill.Stadt.WebereiTest"/>
  <testcase name="weberei_kostet_in_2_tagen_1200_muenzen" time="0.015" classname="redCat.Churchill.Stadt.WebereiTest"/>
  <testcase name="weberei_kostet_in_8_stunden_400_muenzen" time="0.009" classname="redCat.Churchill.Stadt.WebereiTest"/>
  <testcase name="name_muss_weberei_sein" time="0.018" classname="redCat.Churchill.Stadt.WebereiTest"/>
  <testcase name="weberei_produziert_in_1_tag_20_stoff" time="0.014" classname="redCat.Churchill.Stadt.WebereiTest"/>
  <testcase name="weberei_produkt_ist_stoff" time="0.011" classname="redCat.Churchill.Stadt.WebereiTest"/>
  <testcase name="weberei_produziert_in_4_stunden_gefaerbte_laken" time="0.021" classname="redCat.Churchill.Stadt.WebereiTest"/>
  <testcase name="weberei_produziert_in_8_stunden_normaler_stoff" time="0.007" classname="redCat.Churchill.Stadt.WebereiTest"/>
  <testcase name="weberei_kostet_in_4_stunden_200_muenzen" time="0.006" classname="redCat.Churchill.Stadt.WebereiTest"/>
  <testcase name="weberei_kostet_in_2_tagen_1200_wz" time="0.006" classname="redCat.Churchill.Stadt.WebereiTest"/>
  <testcase name="weberei_produziert_in_1_tag_feiner_stoff" time="0.110" classname="redCat.Churchill.Stadt.WebereiTest"/>
  <testcase name="weberei_produziert_in_2_tagen_30_stoff" time="0.009" classname="redCat.Churchill.Stadt.WebereiTest"/>
  <testcase name="weberei_material_ist_wolle" time="0.013" classname="redCat.Churchill.Stadt.WebereiTest"/>
  <testcase name="weberei_kostet_keine_daimanten" time="0.005" classname="redCat.Churchill.Stadt.WebereiTest"/>
  <testcase name="weberei_kostet_in_8_stunden_400_wz" time="0.008" classname="redCat.Churchill.Stadt.WebereiTest"/>
  <testcase name="weberei_kostet_in_1_tag_800_muenzen" time="0.013" classname="redCat.Churchill.Stadt.WebereiTest"/>
  <testcase name="weberei_kostest_2400_werkzeug" time="0.016" classname="redCat.Churchill.Stadt.WebereiTest"/>
  <testcase name="weberei_ist_normales_gebaeude" time="0.007" classname="redCat.Churchill.Stadt.WebereiTest"/>
  <testcase name="bauzeit_weberei_ist_eine_Stunde_30_minuten" time="0.021" classname="redCat.Churchill.Stadt.WebereiTest"/>
  <testcase name="weberei_produziert_in_2_tagen_hervorragender_stoff" time="0.006" classname="redCat.Churchill.Stadt.WebereiTest"/>
  <testcase name="weberei_produziert_in_4_stunden_5_stoff" time="0.015" classname="redCat.Churchill.Stadt.WebereiTest"/>
  <testcase name="weberei_kostet_1500_muenzen" time="0.019" classname="redCat.Churchill.Stadt.WebereiTest"/>
  <testcase name="weberei_kostet_in_1_tag_800_wz" time="0.008" classname="redCat.Churchill.Stadt.WebereiTest"/>
  <testcase name="weberei_kostet_in_4_stunden_200_wz" time="0.007" classname="redCat.Churchill.Stadt.WebereiTest"/>
  <testcase name="weberei_ist_4_lang" time="0.015" classname="redCat.Churchill.Stadt.WebereiTest"/>
  <testcase name="zeitalter_muss_eisenzeit_sein" time="0.009" classname="redCat.Churchill.Stadt.WebereiTest"/>
  <testcase name="weberei_ist_3_breit" time="0.024" classname="redCat.Churchill.Stadt.WebereiTest"/>
  <testcase name="weberei_benoetigt_strasse" time="0.024" classname="redCat.Churchill.Stadt.WebereiTest"/>
  <testcase name="weberei_benötigt_230_personen" time="0.018" classname="redCat.Churchill.Stadt.WebereiTest"/>
</testsuite> <!-- redCat.Churchill.Stadt.WebereiTest -->
