<?xml version="1.0" encoding="UTF-8"?>
<!-- Generated by org.testng.reporters.JUnitReportReporter -->
<testsuite skipped="0" hostname="LAPTOP-L8MTL934" name="redCat.Churchill.Stadt.GewuerzhandlungTest" tests="23" failures="0" timestamp="14 Okt 2018 15:43:45 GMT" time="0.183" errors="0">
  <testcase name="name_muss_gewuerzhandlung_sein" time="0.006" classname="redCat.Churchill.Stadt.GewuerzhandlungTest"/>
  <testcase name="gewuerzhandlung_kostet_0_muenzen" time="0.005" classname="redCat.Churchill.Stadt.GewuerzhandlungTest"/>
  <testcase name="gewuerzhandlung_produziert_in_4_stunden_pfeffer" time="0.005" classname="redCat.Churchill.Stadt.GewuerzhandlungTest"/>
  <testcase name="gewuerzhandlung_produziert_in_5_minuten_120_werkzeug" time="0.004" classname="redCat.Churchill.Stadt.GewuerzhandlungTest"/>
  <testcase name="gewuerzhandlung_kostest_0_werkzeug" time="0.006" classname="redCat.Churchill.Stadt.GewuerzhandlungTest"/>
  <testcase name="gewuerzhandlung_produziert_in_1_tag_nelke" time="0.008" classname="redCat.Churchill.Stadt.GewuerzhandlungTest"/>
  <testcase name="gewuerzhandlung_produziert_in_1_tag_3660_werkzeug" time="0.012" classname="redCat.Churchill.Stadt.GewuerzhandlungTest"/>
  <testcase name="gewuerzhandlung_produziert_in_1_stunde_ingwer" time="0.009" classname="redCat.Churchill.Stadt.GewuerzhandlungTest"/>
  <testcase name="gewuerzhandlung_ist_3_lang" time="0.005" classname="redCat.Churchill.Stadt.GewuerzhandlungTest"/>
  <testcase name="gewuerzhandlung_benötigt_86_personen" time="0.005" classname="redCat.Churchill.Stadt.GewuerzhandlungTest"/>
  <testcase name="gewuerzhandlung_benoetigt_strasse" time="0.004" classname="redCat.Churchill.Stadt.GewuerzhandlungTest"/>
  <testcase name="gewuerzhandlung_produziert_in_1_stunde_730_werkzeug" time="0.036" classname="redCat.Churchill.Stadt.GewuerzhandlungTest"/>
  <testcase name="gewuerzhandlung_produziert_in_5_minuten_zimt" time="0.004" classname="redCat.Churchill.Stadt.GewuerzhandlungTest"/>
  <testcase name="gewuerzhandlung_produziert_in_4_stunden_1220_werkzeug" time="0.004" classname="redCat.Churchill.Stadt.GewuerzhandlungTest"/>
  <testcase name="gewuerzhandlung_produziert_in_8_stunden_1830_werkzeug" time="0.004" classname="redCat.Churchill.Stadt.GewuerzhandlungTest"/>
  <testcase name="gewuerzhandlung_produziert_in_15_minuten_chillil" time="0.003" classname="redCat.Churchill.Stadt.GewuerzhandlungTest"/>
  <testcase name="gewuerzhandlung_ist_3_breit" time="0.006" classname="redCat.Churchill.Stadt.GewuerzhandlungTest"/>
  <testcase name="gewuerzhandlung_ist_diamant_gebaeude" time="0.007" classname="redCat.Churchill.Stadt.GewuerzhandlungTest"/>
  <testcase name="gewuerzhandlung_produziert_in_15_minuten_310_werkzeug" time="0.006" classname="redCat.Churchill.Stadt.GewuerzhandlungTest"/>
  <testcase name="bauzeit_gewuerzhandlung_ist_20_sekunden" time="0.011" classname="redCat.Churchill.Stadt.GewuerzhandlungTest"/>
  <testcase name="gewuerzhandlung_produziert_in_8_stunden_muskatnuss" time="0.004" classname="redCat.Churchill.Stadt.GewuerzhandlungTest"/>
  <testcase name="zeitalter_muss_spaetes_mittelalter_sein" time="0.011" classname="redCat.Churchill.Stadt.GewuerzhandlungTest"/>
  <testcase name="gewuerzhandlung_kostet_500_daimanten" time="0.018" classname="redCat.Churchill.Stadt.GewuerzhandlungTest"/>
</testsuite> <!-- redCat.Churchill.Stadt.GewuerzhandlungTest -->
